<?xml version="1.0" encoding="UTF-8"?>
<robot generator="Robot 5.0.1 (Python 3.10.5 on darwin)" generated="20230210 14:33:47.190" rpa="false" schemaversion="3">
<suite id="s1" name="User" source="/Users/runtime/PycharmProjects/3E_Acceptance/Tests/TestSuite/User.robot">
<test id="s1-t1" name="Access Users Manager" line="18">
<kw name="Open Browser To ACCEPTANCE Login Page" library="Keywords" type="SETUP">
<kw name="Open Browser" library="SeleniumLibrary">
<arg>${ACCEPTANCE LOGIN URL}</arg>
<arg>${BROWSER1}</arg>
<doc>Opens a new browser instance to the optional ``url``.</doc>
<msg timestamp="20230210 14:33:56.260" level="INFO">Opening browser 'headlesschrome' to base url 'https://admin.3esynaptiq.com/sq2020/sign-in'.</msg>
<status status="PASS" starttime="20230210 14:33:56.260" endtime="20230210 14:33:59.902"/>
</kw>
<kw name="Maximize Browser Window" library="SeleniumLibrary">
<doc>Maximizes current browser window.</doc>
<status status="PASS" starttime="20230210 14:33:59.902" endtime="20230210 14:34:00.122"/>
</kw>
<kw name="Set Selenium Speed" library="SeleniumLibrary">
<arg>0.5s</arg>
<doc>Sets the delay that is waited after each Selenium command.</doc>
<status status="PASS" starttime="20230210 14:34:00.122" endtime="20230210 14:34:00.123"/>
</kw>
<kw name="Set Browser Implicit Wait" library="SeleniumLibrary">
<arg>5s</arg>
<doc>Sets the implicit wait value used by Selenium.</doc>
<status status="PASS" starttime="20230210 14:34:00.123" endtime="20230210 14:34:00.626"/>
</kw>
<kw name="Sleep" library="BuiltIn">
<arg>2s</arg>
<doc>Pauses the test executed for the given time.</doc>
<msg timestamp="20230210 14:34:02.627" level="INFO">Slept 2 seconds</msg>
<status status="PASS" starttime="20230210 14:34:00.626" endtime="20230210 14:34:02.628"/>
</kw>
<status status="PASS" starttime="20230210 14:33:56.260" endtime="20230210 14:34:02.628"/>
</kw>
<kw name="Login Acceptance" library="Keywords">
<doc>This keyword will perfom the steps for a valid login in ACCEPTANCE</doc>
<kw name="Input Text" library="SeleniumLibrary">
<arg>name=username</arg>
<arg>${ACCEPTANCE USERNAME 1}</arg>
<doc>Types the given ``text`` into the text field identified by ``locator``.</doc>
<msg timestamp="20230210 14:34:02.630" level="INFO">Typing text 'runtimerev' into text field 'name=username'.</msg>
<status status="PASS" starttime="20230210 14:34:02.629" endtime="20230210 14:34:04.273"/>
</kw>
<kw name="Input Password" library="SeleniumLibrary">
<arg>name=password</arg>
<arg>${ACCEPTANCE PASSWORD 1}</arg>
<doc>Types the given password into the text field identified by ``locator``.</doc>
<msg timestamp="20230210 14:34:04.274" level="INFO">Typing password into text field 'name=password'.</msg>
<msg timestamp="20230210 14:34:05.317" level="INFO">Temporally setting log level to: NONE</msg>
<msg timestamp="20230210 14:34:05.871" level="INFO">Log level changed from NONE to INFO.</msg>
<status status="PASS" starttime="20230210 14:34:04.273" endtime="20230210 14:34:05.871"/>
</kw>
<kw name="Click Element" library="SeleniumLibrary">
<arg>class=button</arg>
<doc>Click the element identified by ``locator``.</doc>
<msg timestamp="20230210 14:34:05.871" level="INFO">Clicking element 'class=button'.</msg>
<status status="PASS" starttime="20230210 14:34:05.871" endtime="20230210 14:34:06.931"/>
</kw>
<status status="PASS" starttime="20230210 14:34:02.628" endtime="20230210 14:34:06.931"/>
</kw>
<kw name="Access Users Manager" library="Keywords">
<doc>This keyword will include the steps to access the Users Manager</doc>
<kw name="Wait Until Element Is Visible" library="SeleniumLibrary">
<arg>//*[@id="root"]/div/div[2]/div[1]/a[6]</arg>
<doc>Waits until the element ``locator`` is visible.</doc>
<status status="PASS" starttime="20230210 14:34:06.932" endtime="20230210 14:34:08.134"/>
</kw>
<kw name="Click Element" library="SeleniumLibrary">
<arg>//*[@id="root"]/div/div[2]/div[1]/a[6]</arg>
<doc>Click the element identified by ``locator``.</doc>
<msg timestamp="20230210 14:34:08.135" level="INFO">Clicking element '//*[@id="root"]/div/div[2]/div[1]/a[6]'.</msg>
<status status="PASS" starttime="20230210 14:34:08.134" endtime="20230210 14:34:09.330"/>
</kw>
<kw name="Sleep" library="BuiltIn">
<arg>2s</arg>
<doc>Pauses the test executed for the given time.</doc>
<msg timestamp="20230210 14:34:11.331" level="INFO">Slept 2 seconds</msg>
<status status="PASS" starttime="20230210 14:34:09.331" endtime="20230210 14:34:11.332"/>
</kw>
<status status="PASS" starttime="20230210 14:34:06.932" endtime="20230210 14:34:11.332"/>
</kw>
<kw name="Sleep" library="BuiltIn">
<arg>1s</arg>
<doc>Pauses the test executed for the given time.</doc>
<msg timestamp="20230210 14:34:12.335" level="INFO">Slept 1 second</msg>
<status status="PASS" starttime="20230210 14:34:11.332" endtime="20230210 14:34:12.335"/>
</kw>
<kw name="Capture Page Screenshot" library="SeleniumLibrary">
<arg>${VR_REFERENCE_IMAGE_FOLDER}/acceptance_users_manager_reference_1.png</arg>
<doc>Takes a screenshot of the current page and embeds it into a log file.</doc>
<msg timestamp="20230210 14:34:14.048" level="INFO" html="true">&lt;/td&gt;&lt;/tr&gt;&lt;tr&gt;&lt;td colspan="3"&gt;&lt;a href="../../Resources/VR_Files/VR_Reference/acceptance_users_manager_reference_1.png"&gt;&lt;img src="../../Resources/VR_Files/VR_Reference/acceptance_users_manager_reference_1.png" width="800px"&gt;&lt;/a&gt;</msg>
<status status="PASS" starttime="20230210 14:34:12.336" endtime="20230210 14:34:14.048"/>
</kw>
<kw name="Finalize Test Case" library="Keywords" type="TEARDOWN">
<doc>This will includ a wait time of 2 seconds and the [Teardown] close browser keyword</doc>
<kw name="Sleep" library="BuiltIn">
<arg>4s</arg>
<doc>Pauses the test executed for the given time.</doc>
<msg timestamp="20230210 14:34:18.051" level="INFO">Slept 4 seconds</msg>
<status status="PASS" starttime="20230210 14:34:14.049" endtime="20230210 14:34:18.051"/>
</kw>
<kw name="Close Browser" library="SeleniumLibrary" type="TEARDOWN">
<doc>Closes the current browser.</doc>
<status status="PASS" starttime="20230210 14:34:18.052" endtime="20230210 14:34:18.621"/>
</kw>
<status status="PASS" starttime="20230210 14:34:14.049" endtime="20230210 14:34:18.621"/>
</kw>
<doc>This test case will simulate the login and access to the Users Manager</doc>
<tag>acceptance</tag>
<tag>access</tag>
<tag>demonstration</tag>
<tag>regression</tag>
<tag>users</tag>
<status status="PASS" starttime="20230210 14:33:56.259" endtime="20230210 14:34:18.621"/>
</test>
<test id="s1-t2" name="Users Manager - Visual Regression" line="28">
<kw name="Open Browser To ACCEPTANCE Login Page" library="Keywords" type="SETUP">
<kw name="Open Browser" library="SeleniumLibrary">
<arg>${ACCEPTANCE LOGIN URL}</arg>
<arg>${BROWSER1}</arg>
<doc>Opens a new browser instance to the optional ``url``.</doc>
<msg timestamp="20230210 14:34:18.625" level="INFO">Opening browser 'headlesschrome' to base url 'https://admin.3esynaptiq.com/sq2020/sign-in'.</msg>
<status status="PASS" starttime="20230210 14:34:18.624" endtime="20230210 14:34:21.898"/>
</kw>
<kw name="Maximize Browser Window" library="SeleniumLibrary">
<doc>Maximizes current browser window.</doc>
<status status="PASS" starttime="20230210 14:34:21.899" endtime="20230210 14:34:22.510"/>
</kw>
<kw name="Set Selenium Speed" library="SeleniumLibrary">
<arg>0.5s</arg>
<doc>Sets the delay that is waited after each Selenium command.</doc>
<status status="PASS" starttime="20230210 14:34:22.511" endtime="20230210 14:34:22.511"/>
</kw>
<kw name="Set Browser Implicit Wait" library="SeleniumLibrary">
<arg>5s</arg>
<doc>Sets the implicit wait value used by Selenium.</doc>
<status status="PASS" starttime="20230210 14:34:22.512" endtime="20230210 14:34:23.019"/>
</kw>
<kw name="Sleep" library="BuiltIn">
<arg>2s</arg>
<doc>Pauses the test executed for the given time.</doc>
<msg timestamp="20230210 14:34:25.021" level="INFO">Slept 2 seconds</msg>
<status status="PASS" starttime="20230210 14:34:23.019" endtime="20230210 14:34:25.021"/>
</kw>
<status status="PASS" starttime="20230210 14:34:18.623" endtime="20230210 14:34:25.022"/>
</kw>
<kw name="Login Acceptance" library="Keywords">
<doc>This keyword will perfom the steps for a valid login in ACCEPTANCE</doc>
<kw name="Input Text" library="SeleniumLibrary">
<arg>name=username</arg>
<arg>${ACCEPTANCE USERNAME 1}</arg>
<doc>Types the given ``text`` into the text field identified by ``locator``.</doc>
<msg timestamp="20230210 14:34:25.025" level="INFO">Typing text 'runtimerev' into text field 'name=username'.</msg>
<status status="PASS" starttime="20230210 14:34:25.024" endtime="20230210 14:34:26.669"/>
</kw>
<kw name="Input Password" library="SeleniumLibrary">
<arg>name=password</arg>
<arg>${ACCEPTANCE PASSWORD 1}</arg>
<doc>Types the given password into the text field identified by ``locator``.</doc>
<msg timestamp="20230210 14:34:26.670" level="INFO">Typing password into text field 'name=password'.</msg>
<msg timestamp="20230210 14:34:27.721" level="INFO">Temporally setting log level to: NONE</msg>
<msg timestamp="20230210 14:34:28.279" level="INFO">Log level changed from NONE to INFO.</msg>
<status status="PASS" starttime="20230210 14:34:26.670" endtime="20230210 14:34:28.279"/>
</kw>
<kw name="Click Element" library="SeleniumLibrary">
<arg>class=button</arg>
<doc>Click the element identified by ``locator``.</doc>
<msg timestamp="20230210 14:34:28.280" level="INFO">Clicking element 'class=button'.</msg>
<status status="PASS" starttime="20230210 14:34:28.280" endtime="20230210 14:34:29.347"/>
</kw>
<status status="PASS" starttime="20230210 14:34:25.023" endtime="20230210 14:34:29.348"/>
</kw>
<kw name="Access Users Manager" library="Keywords">
<doc>This keyword will include the steps to access the Users Manager</doc>
<kw name="Wait Until Element Is Visible" library="SeleniumLibrary">
<arg>//*[@id="root"]/div/div[2]/div[1]/a[6]</arg>
<doc>Waits until the element ``locator`` is visible.</doc>
<status status="PASS" starttime="20230210 14:34:29.349" endtime="20230210 14:34:30.396"/>
</kw>
<kw name="Click Element" library="SeleniumLibrary">
<arg>//*[@id="root"]/div/div[2]/div[1]/a[6]</arg>
<doc>Click the element identified by ``locator``.</doc>
<msg timestamp="20230210 14:34:30.396" level="INFO">Clicking element '//*[@id="root"]/div/div[2]/div[1]/a[6]'.</msg>
<status status="PASS" starttime="20230210 14:34:30.396" endtime="20230210 14:34:31.625"/>
</kw>
<kw name="Sleep" library="BuiltIn">
<arg>2s</arg>
<doc>Pauses the test executed for the given time.</doc>
<msg timestamp="20230210 14:34:33.631" level="INFO">Slept 2 seconds</msg>
<status status="PASS" starttime="20230210 14:34:31.625" endtime="20230210 14:34:33.631"/>
</kw>
<status status="PASS" starttime="20230210 14:34:29.349" endtime="20230210 14:34:33.632"/>
</kw>
<kw name="Capture Page Screenshot" library="SeleniumLibrary">
<arg>${ACCEPTANCE_VR_IMAGES_OBTAINED}/acceptance_users_manager_visual_regression_1.png</arg>
<doc>Takes a screenshot of the current page and embeds it into a log file.</doc>
<msg timestamp="20230210 14:34:35.663" level="INFO" html="true">&lt;/td&gt;&lt;/tr&gt;&lt;tr&gt;&lt;td colspan="3"&gt;&lt;a href="../../Resources/VR_Files/VR_Obtained/acceptance_users_manager_visual_regression_1.png"&gt;&lt;img src="../../Resources/VR_Files/VR_Obtained/acceptance_users_manager_visual_regression_1.png" width="800px"&gt;&lt;/a&gt;</msg>
<status status="PASS" starttime="20230210 14:34:33.632" endtime="20230210 14:34:35.663"/>
</kw>
<kw name="Sleep" library="BuiltIn">
<arg>3s</arg>
<doc>Pauses the test executed for the given time.</doc>
<msg timestamp="20230210 14:34:38.664" level="INFO">Slept 3 seconds</msg>
<status status="PASS" starttime="20230210 14:34:35.663" endtime="20230210 14:34:38.665"/>
</kw>
<kw name="Compare Images" library="WatchUI">
<arg>${VR_REFERENCE_IMAGE_FOLDER}/acceptance_users_manager_reference_1.png</arg>
<arg>${ACCEPTANCE_VR_IMAGES_OBTAINED}/acceptance_users_manager_visual_regression_1.png</arg>
<arg>save_folder=${VR_COMPARISON_USERS}</arg>
<arg>ssim=1.00</arg>
<doc>Compares image on `compared_image_path` against base image on `base_image_path`.
Args:
    base_image_path (str): path to base image
    compared_image_path (str): path to compared image
    save_folder (str): path to the save folder
    ssim (float): SSIM threshold value
    image_format (str): image format, e.g. "png", "jpg"
Raises:
    TypeError:</doc>
<msg timestamp="20230210 14:34:39.158" level="INFO" html="true">&lt;p&gt;Image was saved to your output folder &lt;/p&gt;&lt;img src=/Users/runtime/PycharmProjects/3E_Acceptance/Resources/VR_Files/VR_Comparison/Users/Img1676039679.119603.png&gt;&lt;/img&gt;</msg>
<status status="PASS" starttime="20230210 14:34:38.665" endtime="20230210 14:34:39.166"/>
</kw>
<kw name="Finalize Test Case" library="Keywords" type="TEARDOWN">
<doc>This will includ a wait time of 2 seconds and the [Teardown] close browser keyword</doc>
<kw name="Sleep" library="BuiltIn">
<arg>4s</arg>
<doc>Pauses the test executed for the given time.</doc>
<msg timestamp="20230210 14:34:43.169" level="INFO">Slept 4 seconds</msg>
<status status="PASS" starttime="20230210 14:34:39.167" endtime="20230210 14:34:43.169"/>
</kw>
<kw name="Close Browser" library="SeleniumLibrary" type="TEARDOWN">
<doc>Closes the current browser.</doc>
<status status="PASS" starttime="20230210 14:34:43.169" endtime="20230210 14:34:43.730"/>
</kw>
<status status="PASS" starttime="20230210 14:34:39.166" endtime="20230210 14:34:43.730"/>
</kw>
<doc>This test case will performe a visual regression of the Users Manager list</doc>
<tag>acceptance</tag>
<tag>demonstration</tag>
<tag>regression</tag>
<tag>users</tag>
<tag>visualregression</tag>
<tag>vr</tag>
<status status="PASS" starttime="20230210 14:34:18.623" endtime="20230210 14:34:43.730"/>
</test>
<test id="s1-t3" name="Users - Account &amp; Preferences" line="39">
<kw name="Open Browser To ACCEPTANCE Login Page" library="Keywords" type="SETUP">
<kw name="Open Browser" library="SeleniumLibrary">
<arg>${ACCEPTANCE LOGIN URL}</arg>
<arg>${BROWSER1}</arg>
<doc>Opens a new browser instance to the optional ``url``.</doc>
<msg timestamp="20230210 14:34:43.734" level="INFO">Opening browser 'headlesschrome' to base url 'https://admin.3esynaptiq.com/sq2020/sign-in'.</msg>
<status status="PASS" starttime="20230210 14:34:43.733" endtime="20230210 14:34:47.327"/>
</kw>
<kw name="Maximize Browser Window" library="SeleniumLibrary">
<doc>Maximizes current browser window.</doc>
<status status="PASS" starttime="20230210 14:34:47.327" endtime="20230210 14:34:47.940"/>
</kw>
<kw name="Set Selenium Speed" library="SeleniumLibrary">
<arg>0.5s</arg>
<doc>Sets the delay that is waited after each Selenium command.</doc>
<status status="PASS" starttime="20230210 14:34:47.940" endtime="20230210 14:34:47.940"/>
</kw>
<kw name="Set Browser Implicit Wait" library="SeleniumLibrary">
<arg>5s</arg>
<doc>Sets the implicit wait value used by Selenium.</doc>
<status status="PASS" starttime="20230210 14:34:47.940" endtime="20230210 14:34:48.447"/>
</kw>
<kw name="Sleep" library="BuiltIn">
<arg>2s</arg>
<doc>Pauses the test executed for the given time.</doc>
<msg timestamp="20230210 14:34:50.450" level="INFO">Slept 2 seconds</msg>
<status status="PASS" starttime="20230210 14:34:48.448" endtime="20230210 14:34:50.450"/>
</kw>
<status status="PASS" starttime="20230210 14:34:43.733" endtime="20230210 14:34:50.451"/>
</kw>
<kw name="Login Acceptance" library="Keywords">
<doc>This keyword will perfom the steps for a valid login in ACCEPTANCE</doc>
<kw name="Input Text" library="SeleniumLibrary">
<arg>name=username</arg>
<arg>${ACCEPTANCE USERNAME 1}</arg>
<doc>Types the given ``text`` into the text field identified by ``locator``.</doc>
<msg timestamp="20230210 14:34:50.452" level="INFO">Typing text 'runtimerev' into text field 'name=username'.</msg>
<status status="PASS" starttime="20230210 14:34:50.452" endtime="20230210 14:34:52.072"/>
</kw>
<kw name="Input Password" library="SeleniumLibrary">
<arg>name=password</arg>
<arg>${ACCEPTANCE PASSWORD 1}</arg>
<doc>Types the given password into the text field identified by ``locator``.</doc>
<msg timestamp="20230210 14:34:52.073" level="INFO">Typing password into text field 'name=password'.</msg>
<msg timestamp="20230210 14:34:53.122" level="INFO">Temporally setting log level to: NONE</msg>
<msg timestamp="20230210 14:34:53.677" level="INFO">Log level changed from NONE to INFO.</msg>
<status status="PASS" starttime="20230210 14:34:52.072" endtime="20230210 14:34:53.677"/>
</kw>
<kw name="Click Element" library="SeleniumLibrary">
<arg>class=button</arg>
<doc>Click the element identified by ``locator``.</doc>
<msg timestamp="20230210 14:34:53.678" level="INFO">Clicking element 'class=button'.</msg>
<status status="PASS" starttime="20230210 14:34:53.677" endtime="20230210 14:34:54.753"/>
</kw>
<status status="PASS" starttime="20230210 14:34:50.451" endtime="20230210 14:34:54.753"/>
</kw>
<kw name="Access Account &amp; Preferences" library="Keywords">
<doc>This keyworld will include the steps to access the user account &amp; preferences</doc>
<kw name="Wait Until Element Is Visible" library="SeleniumLibrary">
<arg>//*[@id="user_popup"]/button</arg>
<doc>Waits until the element ``locator`` is visible.</doc>
<status status="PASS" starttime="20230210 14:34:54.754" endtime="20230210 14:34:55.802"/>
</kw>
<kw name="Click Element" library="SeleniumLibrary">
<arg>//*[@id="user_popup"]/button</arg>
<doc>Click the element identified by ``locator``.</doc>
<msg timestamp="20230210 14:34:55.803" level="INFO">Clicking element '//*[@id="user_popup"]/button'.</msg>
<status status="PASS" starttime="20230210 14:34:55.803" endtime="20230210 14:34:57.356"/>
</kw>
<kw name="Click Element" library="SeleniumLibrary">
<arg>//*[@id="user_popup"]/div/ul/li[1]/div</arg>
<doc>Click the element identified by ``locator``.</doc>
<msg timestamp="20230210 14:34:57.357" level="INFO">Clicking element '//*[@id="user_popup"]/div/ul/li[1]/div'.</msg>
<status status="PASS" starttime="20230210 14:34:57.357" endtime="20230210 14:34:58.515"/>
</kw>
<kw name="Sleep" library="BuiltIn">
<arg>2s</arg>
<doc>Pauses the test executed for the given time.</doc>
<msg timestamp="20230210 14:35:00.517" level="INFO">Slept 2 seconds</msg>
<status status="PASS" starttime="20230210 14:34:58.516" endtime="20230210 14:35:00.518"/>
</kw>
<status status="PASS" starttime="20230210 14:34:54.753" endtime="20230210 14:35:00.518"/>
</kw>
<kw name="Finalize Test Case" library="Keywords" type="TEARDOWN">
<doc>This will includ a wait time of 2 seconds and the [Teardown] close browser keyword</doc>
<kw name="Sleep" library="BuiltIn">
<arg>4s</arg>
<doc>Pauses the test executed for the given time.</doc>
<msg timestamp="20230210 14:35:04.520" level="INFO">Slept 4 seconds</msg>
<status status="PASS" starttime="20230210 14:35:00.519" endtime="20230210 14:35:04.520"/>
</kw>
<kw name="Close Browser" library="SeleniumLibrary" type="TEARDOWN">
<doc>Closes the current browser.</doc>
<status status="PASS" starttime="20230210 14:35:04.520" endtime="20230210 14:35:05.082"/>
</kw>
<status status="PASS" starttime="20230210 14:35:00.518" endtime="20230210 14:35:05.083"/>
</kw>
<doc>Test case to verify if Account &amp; Preferences is accessible</doc>
<tag>acceptance</tag>
<tag>accountpreferencesaccess</tag>
<tag>regression</tag>
<tag>users</tag>
<status status="PASS" starttime="20230210 14:34:43.731" endtime="20230210 14:35:05.083"/>
</test>
<test id="s1-t4" name="Translations - Language Change" line="47">
<kw name="Open Browser To ACCEPTANCE Login Page" library="Keywords" type="SETUP">
<kw name="Open Browser" library="SeleniumLibrary">
<arg>${ACCEPTANCE LOGIN URL}</arg>
<arg>${BROWSER1}</arg>
<doc>Opens a new browser instance to the optional ``url``.</doc>
<msg timestamp="20230210 14:35:05.087" level="INFO">Opening browser 'headlesschrome' to base url 'https://admin.3esynaptiq.com/sq2020/sign-in'.</msg>
<status status="PASS" starttime="20230210 14:35:05.086" endtime="20230210 14:35:08.482"/>
</kw>
<kw name="Maximize Browser Window" library="SeleniumLibrary">
<doc>Maximizes current browser window.</doc>
<status status="PASS" starttime="20230210 14:35:08.482" endtime="20230210 14:35:09.122"/>
</kw>
<kw name="Set Selenium Speed" library="SeleniumLibrary">
<arg>0.5s</arg>
<doc>Sets the delay that is waited after each Selenium command.</doc>
<status status="PASS" starttime="20230210 14:35:09.123" endtime="20230210 14:35:09.123"/>
</kw>
<kw name="Set Browser Implicit Wait" library="SeleniumLibrary">
<arg>5s</arg>
<doc>Sets the implicit wait value used by Selenium.</doc>
<status status="PASS" starttime="20230210 14:35:09.124" endtime="20230210 14:35:09.631"/>
</kw>
<kw name="Sleep" library="BuiltIn">
<arg>2s</arg>
<doc>Pauses the test executed for the given time.</doc>
<msg timestamp="20230210 14:35:11.635" level="INFO">Slept 2 seconds</msg>
<status status="PASS" starttime="20230210 14:35:09.631" endtime="20230210 14:35:11.635"/>
</kw>
<status status="PASS" starttime="20230210 14:35:05.086" endtime="20230210 14:35:11.635"/>
</kw>
<kw name="Login Acceptance" library="Keywords">
<doc>This keyword will perfom the steps for a valid login in ACCEPTANCE</doc>
<kw name="Input Text" library="SeleniumLibrary">
<arg>name=username</arg>
<arg>${ACCEPTANCE USERNAME 1}</arg>
<doc>Types the given ``text`` into the text field identified by ``locator``.</doc>
<msg timestamp="20230210 14:35:11.637" level="INFO">Typing text 'runtimerev' into text field 'name=username'.</msg>
<status status="PASS" starttime="20230210 14:35:11.636" endtime="20230210 14:35:13.263"/>
</kw>
<kw name="Input Password" library="SeleniumLibrary">
<arg>name=password</arg>
<arg>${ACCEPTANCE PASSWORD 1}</arg>
<doc>Types the given password into the text field identified by ``locator``.</doc>
<msg timestamp="20230210 14:35:13.264" level="INFO">Typing password into text field 'name=password'.</msg>
<msg timestamp="20230210 14:35:14.308" level="INFO">Temporally setting log level to: NONE</msg>
<msg timestamp="20230210 14:35:14.862" level="INFO">Log level changed from NONE to INFO.</msg>
<status status="PASS" starttime="20230210 14:35:13.263" endtime="20230210 14:35:14.862"/>
</kw>
<kw name="Click Element" library="SeleniumLibrary">
<arg>class=button</arg>
<doc>Click the element identified by ``locator``.</doc>
<msg timestamp="20230210 14:35:14.863" level="INFO">Clicking element 'class=button'.</msg>
<status status="PASS" starttime="20230210 14:35:14.862" endtime="20230210 14:35:15.927"/>
</kw>
<status status="PASS" starttime="20230210 14:35:11.636" endtime="20230210 14:35:15.928"/>
</kw>
<kw name="Access Account &amp; Preferences" library="Keywords">
<doc>This keyworld will include the steps to access the user account &amp; preferences</doc>
<kw name="Wait Until Element Is Visible" library="SeleniumLibrary">
<arg>//*[@id="user_popup"]/button</arg>
<doc>Waits until the element ``locator`` is visible.</doc>
<status status="PASS" starttime="20230210 14:35:15.929" endtime="20230210 14:35:17.106"/>
</kw>
<kw name="Click Element" library="SeleniumLibrary">
<arg>//*[@id="user_popup"]/button</arg>
<doc>Click the element identified by ``locator``.</doc>
<msg timestamp="20230210 14:35:17.106" level="INFO">Clicking element '//*[@id="user_popup"]/button'.</msg>
<status status="PASS" starttime="20230210 14:35:17.106" endtime="20230210 14:35:18.342"/>
</kw>
<kw name="Click Element" library="SeleniumLibrary">
<arg>//*[@id="user_popup"]/div/ul/li[1]/div</arg>
<doc>Click the element identified by ``locator``.</doc>
<msg timestamp="20230210 14:35:18.343" level="INFO">Clicking element '//*[@id="user_popup"]/div/ul/li[1]/div'.</msg>
<status status="PASS" starttime="20230210 14:35:18.342" endtime="20230210 14:35:19.520"/>
</kw>
<kw name="Sleep" library="BuiltIn">
<arg>2s</arg>
<doc>Pauses the test executed for the given time.</doc>
<msg timestamp="20230210 14:35:21.521" level="INFO">Slept 2 seconds</msg>
<status status="PASS" starttime="20230210 14:35:19.520" endtime="20230210 14:35:21.521"/>
</kw>
<status status="PASS" starttime="20230210 14:35:15.928" endtime="20230210 14:35:21.522"/>
</kw>
<kw name="Click Element" library="SeleniumLibrary">
<arg>//*[@id="language_timezone"]</arg>
<doc>Click the element identified by ``locator``.</doc>
<msg timestamp="20230210 14:35:21.523" level="INFO">Clicking element '//*[@id="language_timezone"]'.</msg>
<status status="PASS" starttime="20230210 14:35:21.522" endtime="20230210 14:35:22.680"/>
</kw>
<kw name="Page Should Contain" library="SeleniumLibrary">
<arg>Language</arg>
<doc>Verifies that current page contains ``text``.</doc>
<msg timestamp="20230210 14:35:23.709" level="INFO">Current page contains text 'Language'.</msg>
<status status="PASS" starttime="20230210 14:35:22.681" endtime="20230210 14:35:23.709"/>
</kw>
<kw name="Page Should Contain Element" library="SeleniumLibrary">
<arg>//*[@id="mui-component-select-language"]</arg>
<doc>Verifies that element ``locator`` is found on the current page.</doc>
<msg timestamp="20230210 14:35:24.227" level="INFO">Current page contains element '//*[@id="mui-component-select-language"]'.</msg>
<status status="PASS" starttime="20230210 14:35:23.710" endtime="20230210 14:35:24.228"/>
</kw>
<kw name="Click Element" library="SeleniumLibrary">
<arg>//*[@id="mui-component-select-language"]</arg>
<doc>Click the element identified by ``locator``.</doc>
<msg timestamp="20230210 14:35:24.230" level="INFO">Clicking element '//*[@id="mui-component-select-language"]'.</msg>
<status status="PASS" starttime="20230210 14:35:24.229" endtime="20230210 14:35:25.287"/>
</kw>
<kw name="Click Element" library="SeleniumLibrary">
<arg>//*[@id="menu-language"]/div[3]/ul/li[2]</arg>
<doc>Click the element identified by ``locator``.</doc>
<msg timestamp="20230210 14:35:25.288" level="INFO">Clicking element '//*[@id="menu-language"]/div[3]/ul/li[2]'.</msg>
<status status="PASS" starttime="20230210 14:35:25.287" endtime="20230210 14:35:26.471"/>
</kw>
<kw name="Finalize Test Case" library="Keywords" type="TEARDOWN">
<doc>This will includ a wait time of 2 seconds and the [Teardown] close browser keyword</doc>
<kw name="Sleep" library="BuiltIn">
<arg>4s</arg>
<doc>Pauses the test executed for the given time.</doc>
<msg timestamp="20230210 14:35:30.474" level="INFO">Slept 4 seconds</msg>
<status status="PASS" starttime="20230210 14:35:26.472" endtime="20230210 14:35:30.474"/>
</kw>
<kw name="Close Browser" library="SeleniumLibrary" type="TEARDOWN">
<doc>Closes the current browser.</doc>
<status status="PASS" starttime="20230210 14:35:30.474" endtime="20230210 14:35:31.036"/>
</kw>
<status status="PASS" starttime="20230210 14:35:26.471" endtime="20230210 14:35:31.036"/>
</kw>
<doc>Test case to validate language change in the application</doc>
<tag>acceptance</tag>
<tag>accountpreferences</tag>
<tag>regression</tag>
<tag>translations</tag>
<tag>users</tag>
<status status="PASS" starttime="20230210 14:35:05.084" endtime="20230210 14:35:31.036"/>
</test>
<doc>Acceptance | Users Manager Regression</doc>
<status status="PASS" starttime="20230210 14:33:47.193" endtime="20230210 14:35:31.038"/>
</suite>
<statistics>
<total>
<stat pass="4" fail="0" skip="0">All Tests</stat>
</total>
<tag>
<stat pass="4" fail="0" skip="0">acceptance</stat>
<stat pass="1" fail="0" skip="0">access</stat>
<stat pass="1" fail="0" skip="0">accountpreferences</stat>
<stat pass="1" fail="0" skip="0">accountpreferencesaccess</stat>
<stat pass="2" fail="0" skip="0">demonstration</stat>
<stat pass="4" fail="0" skip="0">regression</stat>
<stat pass="1" fail="0" skip="0">translations</stat>
<stat pass="4" fail="0" skip="0">users</stat>
<stat pass="1" fail="0" skip="0">visualregression</stat>
<stat pass="1" fail="0" skip="0">vr</stat>
</tag>
<suite>
<stat pass="4" fail="0" skip="0" id="s1" name="User">User</stat>
</suite>
</statistics>
<errors>
</errors>
</robot>
